#
# There is insufficient memory for the Java Runtime Environment to continue.
# Native memory allocation (mmap) failed to map 268435456 bytes for G1 virtual space
# Possible reasons:
#   The system is out of physical RAM or swap space
#   The process is running with CompressedOops enabled, and the Java Heap may be blocking the growth of the native heap
# Possible solutions:
#   Reduce memory load on the system
#   Increase physical memory or swap space
#   Check if swap backing store is full
#   Decrease Java heap size (-Xmx/-Xms)
#   Decrease number of Java threads
#   Decrease Java thread stack sizes (-Xss)
#   Set larger code cache with -XX:ReservedCodeCacheSize=
#   JVM is running with Zero Based Compressed Oops mode in which the Java heap is
#     placed in the first 32GB address space. The Java Heap base address is the
#     maximum limit for the native heap growth. Please use -XX:HeapBaseMinAddress
#     to set the Java Heap base and to place the Java Heap above 32GB virtual address.
# This output file may be truncated or incomplete.
#
#  Out of Memory Error (os_windows.cpp:3825), pid=30328, tid=30356
#
# JRE version:  (17.0.10+8) (build )
# Java VM: OpenJDK 64-Bit Server VM (17.0.10+8-b1207.12, mixed mode, sharing, tiered, compressed oops, compressed class ptrs, g1 gc, windows-amd64)
# No core dump will be written. Minidumps are not enabled by default on client versions of Windows
#

---------------  S U M M A R Y ------------

Command Line: git4idea.http.GitAskPassApp Username for 'https://github.com': 

Host: Intel(R) Core(TM) i5-9400F CPU @ 2.90GHz, 6 cores, 15G,  Windows 11 , 64 bit Build 22621 (10.0.22621.3235)
Time: Fri Apr 26 22:46:55 2024 Russia TZ 2 Standard Time elapsed time: 0.014242 seconds (0d 0h 0m 0s)

---------------  T H R E A D  ---------------

Current thread (0x000001bc2337db00):  JavaThread "Unknown thread" [_thread_in_vm, id=30356, stack(0x000000b16bf00000,0x000000b16c000000)]

Stack: [0x000000b16bf00000,0x000000b16c000000]
Native frames: (J=compiled Java code, j=interpreted, Vv=VM code, C=native code)
V  [jvm.dll+0x687989]
V  [jvm.dll+0x84116a]
V  [jvm.dll+0x842dae]
V  [jvm.dll+0x843413]
V  [jvm.dll+0x249ccf]
V  [jvm.dll+0x684759]
V  [jvm.dll+0x67900a]
V  [jvm.dll+0x30ab0b]
V  [jvm.dll+0x311fb6]
V  [jvm.dll+0x361d5e]
V  [jvm.dll+0x361f8f]
V  [jvm.dll+0x2e07f8]
V  [jvm.dll+0x2e1764]
V  [jvm.dll+0x811c31]
V  [jvm.dll+0x36fc11]
V  [jvm.dll+0x7f0666]
V  [jvm.dll+0x3f3daf]
V  [jvm.dll+0x3f5a41]
C  [jli.dll+0x528f]
C  [ucrtbase.dll+0x29363]
C  [KERNEL32.DLL+0x1257d]
C  [ntdll.dll+0x5aa58]


---------------  P R O C E S S  ---------------

Threads class SMR info:
_java_thread_list=0x00007ffb203cdf58, length=0, elements={
}

Java Threads: ( => current thread )

Other Threads:
  0x000001bc233ec6f0 GCTaskThread "GC Thread#0" [stack: 0x000000b16c000000,0x000000b16c100000] [id=30264]
  0x000001bc233fd540 ConcurrentGCThread "G1 Main Marker" [stack: 0x000000b16c100000,0x000000b16c200000] [id=30388]
  0x000001bc233fdf60 ConcurrentGCThread "G1 Conc#0" [stack: 0x000000b16c200000,0x000000b16c300000] [id=30372]

[error occurred during error reporting (printing all threads), id 0xc0000005, EXCEPTION_ACCESS_VIOLATION (0xc0000005) at pc=0x00007ffb1fb813c7]

VM state: not at safepoint (not fully initialized)

VM Mutex/Monitor currently owned by a thread:  ([mutex/lock_event])
[0x000001bc23379c20] Heap_lock - owner thread: 0x000001bc2337db00

Heap address: 0x0000000701000000, size: 4080 MB, Compressed Oops mode: Zero based, Oop shift amount: 3

CDS archive(s) mapped at: [0x0000000000000000-0x0000000000000000-0x0000000000000000), size 0, SharedBaseAddress: 0x0000000800000000, ArchiveRelocationMode: 1.
Narrow klass base: 0x0000000000000000, Narrow klass shift: 0, Narrow klass range: 0x0

GC Precious Log:
<Empty>

Heap:
 garbage-first heap   total 0K, used 0K [0x0000000701000000, 0x0000000800000000)
  region size 2048K, 0 young (0K), 0 survivors (0K)
 Metaspace       used 0K, committed 0K, reserved 0K
  class space    used 0K, committed 0K, reserved 0K

Heap Regions: E=young(eden), S=young(survivor), O=old, HS=humongous(starts), HC=humongous(continues), CS=collection set, F=free, OA=open archive, CA=closed archive, TAMS=top-at-mark-start (previous, next)

Card table byte_map: [0x000001bc36410000,0x000001bc36c10000] _byte_map_base: 0x000001bc32c08000

Marking Bits (Prev, Next): (CMBitMap*) 0x000001bc233ecd10, (CMBitMap*) 0x000001bc233ecd50
 Prev Bits: [0x000001bc37410000, 0x000001bc3b3d0000)
 Next Bits: [0x000001bc3b3d0000, 0x000001bc3f390000)

GC Heap History (0 events):
No events

Dll operation events (1 events):
Event: 0.009 Loaded shared library C:\Program Files\JetBrains\PyCharm 2024.1\jbr\bin\java.dll

Deoptimization events (0 events):
No events

Classes unloaded (0 events):
No events

Classes redefined (0 events):
No events

Internal exceptions (0 events):
No events

VM Operations (0 events):
No events

Events (0 events):
No events


Dynamic libraries:
0x00007ff7d1330000 - 0x00007ff7d133a000 	C:\Program Files\JetBrains\PyCharm 2024.1\jbr\bin\java.exe
0x00007ffb79510000 - 0x00007ffb79726000 	C:\WINDOWS\SYSTEM32\ntdll.dll
0x00007ffb78a90000 - 0x00007ffb78b54000 	C:\WINDOWS\System32\KERNEL32.DLL
0x00007ffb769c0000 - 0x00007ffb76d66000 	C:\WINDOWS\System32\KERNELBASE.dll
0x00007ffb76ff0000 - 0x00007ffb77101000 	C:\WINDOWS\System32\ucrtbase.dll
0x00007ffb68620000 - 0x00007ffb68637000 	C:\Program Files\JetBrains\PyCharm 2024.1\jbr\bin\jli.dll
0x00007ffb68790000 - 0x00007ffb687ab000 	C:\Program Files\JetBrains\PyCharm 2024.1\jbr\bin\VCRUNTIME140.dll
0x00007ffb780f0000 - 0x00007ffb7829d000 	C:\WINDOWS\System32\USER32.dll
0x00007ffb77230000 - 0x00007ffb77256000 	C:\WINDOWS\System32\win32u.dll
0x00007ffb77fc0000 - 0x00007ffb77fe9000 	C:\WINDOWS\System32\GDI32.dll
0x00007ffb679d0000 - 0x00007ffb67c63000 	C:\WINDOWS\WinSxS\amd64_microsoft.windows.common-controls_6595b64144ccf1df_6.0.22621.3235_none_270f74e173860f98\COMCTL32.dll
0x00007ffb77110000 - 0x00007ffb77228000 	C:\WINDOWS\System32\gdi32full.dll
0x00007ffb79420000 - 0x00007ffb794c7000 	C:\WINDOWS\System32\msvcrt.dll
0x00007ffb76f20000 - 0x00007ffb76fba000 	C:\WINDOWS\System32\msvcp_win.dll
0x00007ffb784c0000 - 0x00007ffb784f1000 	C:\WINDOWS\System32\IMM32.DLL
0x00007ffb6c170000 - 0x00007ffb6c17c000 	C:\Program Files\JetBrains\PyCharm 2024.1\jbr\bin\vcruntime140_1.dll
0x00007ffb53010000 - 0x00007ffb5309d000 	C:\Program Files\JetBrains\PyCharm 2024.1\jbr\bin\msvcp140.dll
0x00007ffb1f890000 - 0x00007ffb20512000 	C:\Program Files\JetBrains\PyCharm 2024.1\jbr\bin\server\jvm.dll
0x00007ffb78300000 - 0x00007ffb783b2000 	C:\WINDOWS\System32\ADVAPI32.dll
0x00007ffb78560000 - 0x00007ffb78608000 	C:\WINDOWS\System32\sechost.dll
0x00007ffb76fc0000 - 0x00007ffb76fe8000 	C:\WINDOWS\System32\bcrypt.dll
0x00007ffb79270000 - 0x00007ffb79385000 	C:\WINDOWS\System32\RPCRT4.dll
0x00007ffb75a40000 - 0x00007ffb75a8d000 	C:\WINDOWS\SYSTEM32\POWRPROF.dll
0x00007ffb70370000 - 0x00007ffb70379000 	C:\WINDOWS\SYSTEM32\WSOCK32.dll
0x00007ffb6f470000 - 0x00007ffb6f4a4000 	C:\WINDOWS\SYSTEM32\WINMM.dll
0x00007ffb79140000 - 0x00007ffb791b1000 	C:\WINDOWS\System32\WS2_32.dll
0x00007ffb70280000 - 0x00007ffb7028a000 	C:\WINDOWS\SYSTEM32\VERSION.dll
0x00007ffb75a20000 - 0x00007ffb75a33000 	C:\WINDOWS\SYSTEM32\UMPDC.dll
0x00007ffb758c0000 - 0x00007ffb758d8000 	C:\WINDOWS\SYSTEM32\kernel.appcore.dll
0x00007ffb6c150000 - 0x00007ffb6c15a000 	C:\Program Files\JetBrains\PyCharm 2024.1\jbr\bin\jimage.dll
0x00007ffb5fd30000 - 0x00007ffb5ff63000 	C:\WINDOWS\SYSTEM32\DBGHELP.DLL
0x00007ffb77260000 - 0x00007ffb775e8000 	C:\WINDOWS\System32\combase.dll
0x00007ffb783d0000 - 0x00007ffb784a7000 	C:\WINDOWS\System32\OLEAUT32.dll
0x00007ffb64580000 - 0x00007ffb645b2000 	C:\WINDOWS\SYSTEM32\dbgcore.DLL
0x00007ffb76ea0000 - 0x00007ffb76f1a000 	C:\WINDOWS\System32\bcryptPrimitives.dll
0x00007ffb67660000 - 0x00007ffb67685000 	C:\Program Files\JetBrains\PyCharm 2024.1\jbr\bin\java.dll

dbghelp: loaded successfully - version: 4.0.5 - missing functions: none
symbol engine: initialized successfully - sym options: 0x614 - pdb path: .;C:\Program Files\JetBrains\PyCharm 2024.1\jbr\bin;C:\WINDOWS\SYSTEM32;C:\WINDOWS\WinSxS\amd64_microsoft.windows.common-controls_6595b64144ccf1df_6.0.22621.3235_none_270f74e173860f98;C:\Program Files\JetBrains\PyCharm 2024.1\jbr\bin\server

VM Arguments:
java_command: git4idea.http.GitAskPassApp Username for 'https://github.com': 
java_class_path (initial): C:/Program Files/JetBrains/PyCharm 2024.1/plugins/vcs-git/lib/git4idea-rt.jar;C:/Program Files/JetBrains/PyCharm 2024.1/lib/externalProcess-rt.jar
Launcher Type: SUN_STANDARD

[Global flags]
     intx CICompilerCount                          = 3                                         {product} {ergonomic}
     uint ConcGCThreads                            = 2                                         {product} {ergonomic}
     uint G1ConcRefinementThreads                  = 6                                         {product} {ergonomic}
   size_t G1HeapRegionSize                         = 2097152                                   {product} {ergonomic}
    uintx GCDrainStackTargetSize                   = 64                                        {product} {ergonomic}
   size_t InitialHeapSize                          = 268435456                                 {product} {ergonomic}
   size_t MarkStackSize                            = 4194304                                   {product} {ergonomic}
   size_t MaxHeapSize                              = 4278190080                                {product} {ergonomic}
   size_t MinHeapDeltaBytes                        = 2097152                                   {product} {ergonomic}
   size_t MinHeapSize                              = 8388608                                   {product} {ergonomic}
    uintx NonNMethodCodeHeapSize                   = 5832780                                {pd product} {ergonomic}
    uintx NonProfiledCodeHeapSize                  = 122912730                              {pd product} {ergonomic}
    uintx ProfiledCodeHeapSize                     = 122912730                              {pd product} {ergonomic}
    uintx ReservedCodeCacheSize                    = 251658240                              {pd product} {ergonomic}
     bool SegmentedCodeCache                       = true                                      {product} {ergonomic}
   size_t SoftMaxHeapSize                          = 4278190080                             {manageable} {ergonomic}
     bool UseCompressedClassPointers               = true                           {product lp64_product} {ergonomic}
     bool UseCompressedOops                        = true                           {product lp64_product} {ergonomic}
     bool UseG1GC                                  = true                                      {product} {ergonomic}
     bool UseLargePagesIndividualAllocation        = false                                  {pd product} {ergonomic}

Logging:
Log output configuration:
 #0: stdout all=warning uptime,level,tags
 #1: stderr all=off uptime,level,tags

Environment Variables:
PATH=C:/Program Files/Git/mingw64/libexec/git-core;C:/Program Files/Git/mingw64/libexec/git-core;C:\Program Files\Git\mingw64\bin;C:\Program Files\Git\usr\bin;C:\Users\krain\bin;C:\Users\krain\PycharmProjects\Courses\venv\Scripts;C:\WINDOWS\system32;C:\WINDOWS;C:\WINDOWS\System32\Wbem;C:\WINDOWS\System32\WindowsPowerShell\v1.0\;C:\WINDOWS\System32\OpenSSH\;C:\Program Files\nodejs\;C:\Program Files\Git\cmd;C:\Users\krain\AppData\Local\Programs\Python\Python312\Scripts\;C:\Users\krain\AppData\Local\Programs\Python\Python312\;C:\Users\krain\AppData\Local\Programs\Python\Launcher\;C:\Users\krain\AppData\Local\Microsoft\WindowsApps;C:\Users\krain\AppData\Roaming\npm
USERNAME=krain
DISPLAY=:0.0
LC_ALL=en_US.UTF-8
TERM=xterm-256color
TMPDIR=C:\Users\krain\AppData\Local\Temp
OS=Windows_NT
PROCESSOR_IDENTIFIER=Intel64 Family 6 Model 158 Stepping 10, GenuineIntel
TMP=C:\Users\krain\AppData\Local\Temp
TEMP=C:\Users\krain\AppData\Local\Temp



Periodic native trim disabled

JNI global refs:
JNI global refs: 0, weak refs: 0

JNI global refs memory usage: 0, weak refs: 0

OOME stack traces (most recent first):
Classloader memory used:


---------------  S Y S T E M  ---------------

OS:
 Windows 11 , 64 bit Build 22621 (10.0.22621.3235)
OS uptime: 0 days 10:25 hours
Hyper-V role detected

CPU: total 6 (initial active 6) (6 cores per cpu, 1 threads per core) family 6 model 158 stepping 10 microcode 0xde, cx8, cmov, fxsr, mmx, 3dnowpref, sse, sse2, sse3, ssse3, sse4.1, sse4.2, popcnt, lzcnt, tsc, tscinvbit, avx, avx2, aes, erms, clmul, bmi1, bmi2, adx, fma, vzeroupper, clflush, clflushopt, hv
Processor Information for all 6 processors :
  Max Mhz: 2904, Current Mhz: 2904, Mhz Limit: 2904

Memory: 4k page, system-wide physical 16313M (1058M free)
TotalPageFile size 30444M (AvailPageFile size 54M)
current process WorkingSet (physical memory assigned to process): 11M, peak: 11M
current process commit charge ("private bytes"): 56M, peak: 312M

vm_info: OpenJDK 64-Bit Server VM (17.0.10+8-b1207.12) for windows-amd64 JRE (17.0.10+8-b1207.12), built on 2024-03-15 by "builduser" with MS VC++ 16.10 / 16.11 (VS2019)

END.
